\BOOKMARK [1][-]{section.1}{\376\377\000O\000b\000j\000e\000c\000t\000i\000f\000s}{}% 1
\BOOKMARK [1][-]{section.2}{\376\377\000G\000l\000o\000s\000s\000a\000i\000r\000e}{}% 2
\BOOKMARK [2][-]{subsection.2.1}{\376\377\000T\000e\000r\000m\000e\000s}{section.2}% 3
\BOOKMARK [2][-]{subsection.2.2}{\376\377\000A\000c\000r\000o\000n\000y\000m\000e\000s}{section.2}% 4
\BOOKMARK [1][-]{section.3}{\376\377\000L\000'\000\351\000q\000u\000i\000p\000e}{}% 5
\BOOKMARK [2][-]{subsection.3.1}{\376\377\000P\000r\000\351\000s\000e\000n\000t\000a\000t\000i\000o\000n\000\040\000d\000e\000\040\000l\040\031\000\351\000q\000u\000i\000p\000e}{section.3}% 6
\BOOKMARK [2][-]{subsection.3.2}{\376\377\000O\000r\000g\000a\000n\000i\000s\000a\000t\000i\000o\000n\000\040\000d\000e\000\040\000l\040\031\000\351\000q\000u\000i\000p\000e}{section.3}% 7
\BOOKMARK [2][-]{subsection.3.3}{\376\377\000D\000i\000a\000g\000r\000a\000m\000m\000e\000\040\000d\000e\000\040\000G\000a\000n\000t\000t}{section.3}% 8
\BOOKMARK [1][-]{section.4}{\376\377\000C\000o\000n\000t\000e\000x\000t\000e\000\040\000e\000t\000\040\000p\000r\000o\000b\000l\000\351\000m\000a\000t\000i\000q\000u\000e}{}% 9
\BOOKMARK [2][-]{subsection.4.1}{\376\377\000C\000o\000n\000t\000e\000x\000t\000e}{section.4}% 10
\BOOKMARK [2][-]{subsection.4.2}{\376\377\000P\000r\000o\000b\000l\000\351\000m\000a\000t\000i\000q\000u\000e}{section.4}% 11
\BOOKMARK [2][-]{subsection.4.3}{\376\377\000S\000p\000\351\000c\000i\000f\000i\000c\000a\000t\000i\000o\000n\000s\000\040\000t\000e\000c\000h\000n\000i\000q\000u\000e\000s}{section.4}% 12
\BOOKMARK [1][-]{section.5}{\376\377\000C\000o\000n\000c\000e\000p\000t\000i\000o\000n}{}% 13
\BOOKMARK [2][-]{subsection.5.1}{\376\377\000A\000r\000c\000h\000i\000t\000e\000c\000t\000u\000r\000e\000\040\000f\000o\000n\000c\000t\000i\000o\000n\000n\000e\000l\000l\000e}{section.5}% 14
\BOOKMARK [2][-]{subsection.5.2}{\376\377\000A\000r\000c\000h\000i\000t\000e\000c\000t\000u\000r\000e\000\040\000m\000a\000t\000\351\000r\000i\000e\000l\000l\000e}{section.5}% 15
\BOOKMARK [2][-]{subsection.5.3}{\376\377\000A\000r\000c\000h\000i\000t\000e\000c\000t\000u\000r\000e\000\040\000l\000o\000g\000i\000c\000i\000e\000l\000l\000e}{section.5}% 16
\BOOKMARK [1][-]{section.6}{\376\377\000D\000\351\000v\000e\000l\000o\000p\000p\000e\000m\000e\000n\000t}{}% 17
\BOOKMARK [2][-]{subsection.6.1}{\376\377\000M\000o\000d\000u\000l\000e\000\040\0001}{section.6}% 18
\BOOKMARK [2][-]{subsection.6.2}{\376\377\000M\000o\000d\000u\000l\000e\000\040\0002}{section.6}% 19
\BOOKMARK [2][-]{subsection.6.3}{\376\377\000M\000o\000d\000u\000l\000e\000\040\0003}{section.6}% 20
\BOOKMARK [1][-]{section.7}{\376\377\000T\000e\000s\000t\000s\000\040\000e\000t\000\040\000v\000a\000l\000i\000d\000a\000t\000i\000o\000n}{}% 21
\BOOKMARK [2][-]{subsection.7.1}{\376\377\000M\000o\000d\000u\000l\000e\000\040\0001}{section.7}% 22
\BOOKMARK [2][-]{subsection.7.2}{\376\377\000M\000o\000d\000u\000l\000e\000\040\0002}{section.7}% 23
\BOOKMARK [2][-]{subsection.7.3}{\376\377\000M\000o\000d\000u\000l\000e\000\040\0003}{section.7}% 24
\BOOKMARK [1][-]{section.8}{\376\377\000B\000i\000l\000a\000n}{}% 25
\BOOKMARK [2][-]{subsection.8.1}{\376\377\000\311\000t\000a\000t\000\040\000d\040\031\000a\000v\000a\000n\000c\000e\000m\000e\000n\000t}{section.8}% 26
\BOOKMARK [2][-]{subsection.8.2}{\376\377\000P\000e\000r\000t\000i\000n\000e\000n\000c\000e\000\040\000d\000e\000\040\000l\000a\000\040\000s\000o\000l\000u\000t\000i\000o\000n\000\040\000t\000e\000c\000h\000n\000i\000q\000u\000e}{section.8}% 27
\BOOKMARK [2][-]{subsection.8.3}{\376\377\000B\000i\000l\000a\000n\000\040\000s\000u\000r\000\040\000l\000e\000\040\000t\000r\000a\000v\000a\000i\000l\000\040\000d\040\031\000\351\000q\000u\000i\000p\000e}{section.8}% 28
\BOOKMARK [1][-]{section.9}{\376\377\000S\000o\000u\000r\000c\000e\000s}{}% 29
\BOOKMARK [1][-]{section.10}{\376\377\000A\000n\000n\000e\000x\000e\000s}{}% 30
